<?xml version="1.0" encoding="UTF-8"?>
<!-- Generated by org.testng.reporters.JUnitReportReporter -->
<testsuite hostname="Sidikes-MacBook-Pro.local" failures="0" tests="2" name="package1Test.IgnoreTest" time="0.010" errors="0" timestamp="2023-02-22T20:06:43 EST" skipped="1">
  <testcase classname="package1Test.IgnoreTest" name="testPrint2" time="0.010"/>
  <system-out/>
  <testcase classname="package1Test.IgnoreTest" name="testPrint">
    <skipped/>
  </testcase> <!-- testPrint -->
  <system-out/>
</testsuite> <!-- package1Test.IgnoreTest -->
