<?xml version="1.0" encoding="UTF-8"?>
<!-- Generated by org.testng.reporters.JUnitReportReporter -->
<testsuite hostname="Sidikes-MacBook-Pro.local" failures="0" tests="1" name="restAssured.getBoards" time="2.343" errors="0" timestamp="2023-03-29T10:43:24 EDT" skipped="0">
  <testcase classname="restAssured.getBoards" name="getBoards" time="2.343"/>
  <system-out/>
</testsuite> <!-- restAssured.getBoards -->
