<?xml version="1.0" encoding="UTF-8"?>
<!-- Generated by org.testng.reporters.JUnitReportReporter -->
<testsuite hostname="Sidikes-MacBook-Pro.local" failures="0" tests="1" name="restAssured_LIST.createANewList" time="2.134" errors="0" timestamp="2023-03-29T23:07:32 EDT" skipped="0">
  <testcase classname="restAssured_LIST.createANewList" name="createANewList" time="2.134"/>
  <system-out/>
</testsuite> <!-- restAssured_LIST.createANewList -->
