<?xml version="1.0" encoding="UTF-8"?>
<!-- Generated by org.testng.reporters.JUnitReportReporter -->
<testsuite hostname="Sidikes-MacBook-Pro.local" failures="0" tests="3" name="package1Test.dependsOnGroupsTest" time="0.012" errors="0" timestamp="2023-02-23T20:56:01 EST" skipped="0">
  <testcase classname="package1Test.dependsOnGroupsTest" name="test3" time="0.003"/>
  <system-out/>
  <testcase classname="package1Test.dependsOnGroupsTest" name="test1" time="0.008"/>
  <system-out/>
  <testcase classname="package1Test.dependsOnGroupsTest" name="test2" time="0.001"/>
  <system-out/>
</testsuite> <!-- package1Test.dependsOnGroupsTest -->
