<?xml version="1.0" encoding="UTF-8"?>
<!-- Generated by org.testng.reporters.JUnitReportReporter -->
<testsuite hostname="Sidikes-MacBook-Pro.local" failures="0" tests="1" name="restAssured.statusValidationTest" time="3.310" errors="0" timestamp="2023-03-29T21:39:29 EDT" skipped="0">
  <testcase classname="restAssured.statusValidationTest" name="validate" time="3.310"/>
  <system-out/>
</testsuite> <!-- restAssured.statusValidationTest -->
