<?xml version="1.0" encoding="UTF-8"?>
<!-- Generated by org.testng.reporters.JUnitReportReporter -->
<testsuite hostname="Sidikes-MacBook-Pro.local" failures="0" tests="1" name="restAssured.Headers" time="1.976" errors="0" timestamp="2023-03-29T09:34:59 EDT" skipped="0">
  <testcase classname="restAssured.Headers" name="testingHeaders" time="1.976"/>
  <system-out/>
</testsuite> <!-- restAssured.Headers -->
