<?xml version="1.0" encoding="UTF-8"?>
<!-- Generated by org.testng.reporters.JUnitReportReporter -->
<testsuite hostname="Sidikes-MacBook-Pro.local" failures="0" tests="1" name="package1Test.testingBaseClass" time="10.241" errors="0" timestamp="2023-02-28T20:10:55 EST" skipped="0">
  <testcase classname="package1Test.testingBaseClass" name="test1" time="10.241"/>
  <system-out/>
</testsuite> <!-- package1Test.testingBaseClass -->
