<?xml version="1.0" encoding="UTF-8"?>
<!-- Generated by org.testng.reporters.JUnitReportReporter -->
<testsuite hostname="Sidikes-MacBook-Pro.local" failures="0" tests="1" name="FiftyOneTestCases.MyAccountLoginTestCases" time="42.606" errors="0" timestamp="2023-03-03T00:27:01 EST" skipped="0">
  <testcase classname="FiftyOneTestCases.MyAccountLoginTestCases" name="LoginAuthentication" time="42.606"/>
  <system-out/>
</testsuite> <!-- FiftyOneTestCases.MyAccountLoginTestCases -->
