<?xml version="1.0" encoding="UTF-8"?>
<!-- Generated by org.testng.reporters.JUnitReportReporter -->
<testsuite hostname="Sidikes-MacBook-Pro.local" failures="0" tests="2" name="package1Test.testing1Practice" time="0.007" errors="0" timestamp="2023-04-05T12:23:49 EDT" skipped="0">
  <testcase classname="package1Test.testing1Practice" name="test2" time="0.003"/>
  <system-out/>
  <testcase classname="package1Test.testing1Practice" name="test1" time="0.004"/>
  <system-out/>
</testsuite> <!-- package1Test.testing1Practice -->
