<?xml version="1.0" encoding="UTF-8"?>
<!-- Generated by org.testng.reporters.JUnitReportReporter -->
<testsuite hostname="Sidikes-MacBook-Pro.local" failures="0" tests="1" name="restAssured.RestAssuredHeaders" time="2.124" errors="0" timestamp="2023-03-29T10:12:30 EDT" skipped="0">
  <testcase classname="restAssured.RestAssuredHeaders" name="testingHeaders" time="2.124"/>
  <system-out/>
</testsuite> <!-- restAssured.RestAssuredHeaders -->
