<?xml version="1.0" encoding="UTF-8"?>
<!-- Generated by org.testng.reporters.JUnitReportReporter -->
<testsuite hostname="Sidikes-MacBook-Pro.local" failures="0" tests="5" name="package1Test.TestParallel" time="135.736" errors="0" timestamp="2023-02-23T20:08:11 EST" skipped="0">
  <testcase classname="package1Test.TestParallel" name="method1" time="23.860"/>
  <system-out/>
  <testcase classname="package1Test.TestParallel" name="method2" time="30.321"/>
  <system-out/>
  <testcase classname="package1Test.TestParallel" name="method5" time="30.325"/>
  <system-out/>
  <testcase classname="package1Test.TestParallel" name="method4" time="27.386"/>
  <system-out/>
  <testcase classname="package1Test.TestParallel" name="method3" time="23.844"/>
  <system-out/>
</testsuite> <!-- package1Test.TestParallel -->
