<?xml version="1.0" encoding="UTF-8"?>
<!-- Generated by org.testng.reporters.JUnitReportReporter -->
<testsuite hostname="Sidikes-MacBook-Pro.local" failures="0" tests="1" name="restAssured_LIST.GetListsFromBoard" time="2.208" errors="0" timestamp="2023-03-29T23:24:42 EDT" skipped="0">
  <testcase classname="restAssured_LIST.GetListsFromBoard" name="getLists" time="2.208"/>
  <system-out/>
</testsuite> <!-- restAssured_LIST.GetListsFromBoard -->
