<?xml version="1.0" encoding="UTF-8"?>
<!-- Generated by org.testng.reporters.JUnitReportReporter -->
<testsuite hostname="Sidikes-MacBook-Pro.local" failures="0" tests="1" name="restAssured.Get" time="2.067" errors="0" timestamp="2023-03-29T09:33:09 EDT" skipped="0">
  <testcase classname="restAssured.Get" name="getMethodTest" time="2.067"/>
  <system-out/>
</testsuite> <!-- restAssured.Get -->
