<?xml version="1.0" encoding="UTF-8"?>
<!-- Generated by org.testng.reporters.JUnitReportReporter -->
<testsuite hostname="Sidikes-MacBook-Pro.local" failures="0" tests="2" name="package1Test.testing1Practice" time="0.010" errors="0" timestamp="2023-02-21T21:52:24 EST" skipped="0">
  <testcase classname="package1Test.testing1Practice" name="test2" time="0.004"/>
  <system-out/>
  <testcase classname="package1Test.testing1Practice" name="test1" time="0.006"/>
  <system-out/>
</testsuite> <!-- package1Test.testing1Practice -->
