<?xml version="1.0" encoding="UTF-8"?>
<!-- Generated by org.testng.reporters.JUnitReportReporter -->
<testsuite hostname="Sidikes-MacBook-Pro.local" failures="0" tests="5" name="package1Test.priorityTest" time="0.013" errors="0" timestamp="2023-02-23T19:34:00 EST" skipped="0">
  <testcase classname="package1Test.priorityTest" name="test1" time="0.007"/>
  <system-out/>
  <testcase classname="package1Test.priorityTest" name="test5" time="0.002"/>
  <system-out/>
  <testcase classname="package1Test.priorityTest" name="test2" time="0.001"/>
  <system-out/>
  <testcase classname="package1Test.priorityTest" name="test4" time="0.001"/>
  <system-out/>
  <testcase classname="package1Test.priorityTest" name="test3" time="0.002"/>
  <system-out/>
</testsuite> <!-- package1Test.priorityTest -->
