<?xml version="1.0" encoding="UTF-8"?>
<!-- Generated by org.testng.reporters.JUnitReportReporter -->
<testsuite hostname="Sidikes-MacBook-Pro.local" failures="0" tests="1" name="restAssured.PostTest" time="2.306" errors="0" timestamp="2023-03-29T20:18:14 EDT" skipped="0">
  <testcase classname="restAssured.PostTest" name="restAssuredPost" time="2.306"/>
  <system-out/>
</testsuite> <!-- restAssured.PostTest -->
