<?xml version="1.0" encoding="UTF-8"?>
<!-- Generated by org.testng.reporters.JUnitReportReporter -->
<testsuite hostname="Sidikes-MacBook-Pro.local" failures="0" tests="1" name="restAssured.createBoards" time="2.447" errors="0" timestamp="2023-03-29T20:52:35 EDT" skipped="0">
  <testcase classname="restAssured.createBoards" name="createBoard" time="2.447"/>
  <system-out/>
</testsuite> <!-- restAssured.createBoards -->
