<?xml version="1.0" encoding="UTF-8"?>
<!-- Generated by org.testng.reporters.JUnitReportReporter -->
<testsuite hostname="Sidikes-MacBook-Pro.local" failures="0" tests="2" name="package1Test.dataProviderTesting" time="0.006" errors="0" timestamp="2023-02-23T20:22:39 EST" skipped="0">
  <testcase classname="package1Test.dataProviderTesting" name="myTest" time="0.005"/>
  <system-out/>
  <testcase classname="package1Test.dataProviderTesting" name="myTest" time="0.001"/>
  <system-out/>
</testsuite> <!-- package1Test.dataProviderTesting -->
