<?xml version="1.0" encoding="UTF-8"?>
<!-- Generated by org.testng.reporters.JUnitReportReporter -->
<testsuite hostname="Sidikes-MacBook-Pro.local" failures="0" tests="4" name="package1Test.GroupTestExample" time="0.007" errors="0" timestamp="2023-02-23T20:56:01 EST" skipped="0">
  <testcase classname="package1Test.GroupTestExample" name="testPrintName" time="0.003"/>
  <system-out/>
  <testcase classname="package1Test.GroupTestExample" name="testPrintAnything" time="0.001"/>
  <system-out/>
  <testcase classname="package1Test.GroupTestExample" name="testPrintMessage" time="0.002"/>
  <system-out/>
  <testcase classname="package1Test.GroupTestExample" name="testPrintAge" time="0.001"/>
  <system-out/>
</testsuite> <!-- package1Test.GroupTestExample -->
