<?xml version="1.0" encoding="UTF-8"?>
<!-- Generated by org.testng.reporters.JUnitReportReporter -->
<testsuite hostname="Sidikes-MacBook-Pro.local" failures="0" tests="1" name="testCases.LoginTestCases" time="22.763" errors="0" timestamp="2023-03-07T19:55:59 EST" skipped="0">
  <testcase classname="testCases.LoginTestCases" name="loginSuccessfully" time="22.763"/>
  <system-out/>
</testsuite> <!-- testCases.LoginTestCases -->
